build/intermediates/manifest_merge_blame_file/liveRelease/processLiveReleaseManifest/manifest-merger-blame-live-release-report.txt
1<?xml version="1.0" encoding="utf-8"?>
2<manifest xmlns:android="http://schemas.android.com/apk/res/android"
3    package="com.core.shared" >
4
5    <uses-sdk android:minSdkVersion="26" />
6
7    <uses-permission android:name="android.permission.ACCESS_NETWORK_STATE" />
7-->src/main/AndroidManifest.xml:4:5-79
7-->src/main/AndroidManifest.xml:4:22-76
8    <uses-permission android:name="android.permission.ACCESS_COARSE_LOCATION" />
8-->src/main/AndroidManifest.xml:5:5-81
8-->src/main/AndroidManifest.xml:5:22-78
9
10</manifest>